EkhoPaintingRecognition/gradleBuild/outputs/logs/manifest-merger-debug-report.txt
-- Merging decision tree log ---
manifest
ADDED from SWENG_GROUP3\EkhoPaintingRecognition\AndroidManifest.xml:16:1-64:12
MERGED from [org.tensorflow:tensorflow-android:1.7.0-rc0] AndroidManifest.xml:2:1-8:12
MERGED from [com.android.support:appcompat-v7:23.4.0] AndroidManifest.xml:17:1-27:12
MERGED from [com.android.support.constraint:constraint-layout:1.0.2] AndroidManifest.xml:2:1-11:12
MERGED from [com.android.support:animated-vector-drawable:23.4.0] AndroidManifest.xml:2:1-9:12
MERGED from [com.android.support:support-vector-drawable:23.4.0] AndroidManifest.xml:2:1-9:12
MERGED from [com.android.support:support-v4:23.4.0] AndroidManifest.xml:17:1-24:12
	package
		ADDED from SWENG_GROUP3\EkhoPaintingRecognition\AndroidManifest.xml:17:5-36
	xmlns:android
		ADDED from SWENG_GROUP3\EkhoPaintingRecognition\AndroidManifest.xml:16:11-69
uses-sdk
ADDED from SWENG_GROUP3\EkhoPaintingRecognition\AndroidManifest.xml:19:5-21:41
MERGED from [com.android.support:appcompat-v7:23.4.0] AndroidManifest.xml:21:5-23:78
MERGED from [com.android.support:appcompat-v7:23.4.0] AndroidManifest.xml:21:5-23:78
MERGED from [com.android.support.constraint:constraint-layout:1.0.2] AndroidManifest.xml:5:5-7:41
MERGED from [com.android.support.constraint:constraint-layout:1.0.2] AndroidManifest.xml:5:5-7:41
MERGED from [com.android.support:animated-vector-drawable:23.4.0] AndroidManifest.xml:5:5-44
MERGED from [com.android.support:animated-vector-drawable:23.4.0] AndroidManifest.xml:5:5-44
MERGED from [com.android.support:support-vector-drawable:23.4.0] AndroidManifest.xml:5:5-43
MERGED from [com.android.support:support-vector-drawable:23.4.0] AndroidManifest.xml:5:5-43
MERGED from [com.android.support:support-v4:23.4.0] AndroidManifest.xml:20:5-43
MERGED from [com.android.support:support-v4:23.4.0] AndroidManifest.xml:20:5-43
	tools:overrideLibrary
		ADDED from [com.android.support:appcompat-v7:23.4.0] AndroidManifest.xml:23:9-75
	android:targetSdkVersion
		ADDED from SWENG_GROUP3\EkhoPaintingRecognition\AndroidManifest.xml:21:9-38
	android:minSdkVersion
		ADDED from SWENG_GROUP3\EkhoPaintingRecognition\AndroidManifest.xml:20:9-35
uses-permission#android.permission.CAMERA
ADDED from SWENG_GROUP3\EkhoPaintingRecognition\AndroidManifest.xml:23:5-65
	android:name
		ADDED from SWENG_GROUP3\EkhoPaintingRecognition\AndroidManifest.xml:23:22-62
uses-feature#android.hardware.camera
ADDED from SWENG_GROUP3\EkhoPaintingRecognition\AndroidManifest.xml:25:5-60
	android:name
		ADDED from SWENG_GROUP3\EkhoPaintingRecognition\AndroidManifest.xml:25:19-57
uses-feature#android.hardware.camera.autofocus
ADDED from SWENG_GROUP3\EkhoPaintingRecognition\AndroidManifest.xml:26:5-70
	android:name
		ADDED from SWENG_GROUP3\EkhoPaintingRecognition\AndroidManifest.xml:26:19-67
uses-permission#android.permission.WRITE_EXTERNAL_STORAGE
ADDED from SWENG_GROUP3\EkhoPaintingRecognition\AndroidManifest.xml:28:5-81
	android:name
		ADDED from SWENG_GROUP3\EkhoPaintingRecognition\AndroidManifest.xml:28:22-78
uses-permission#android.permission.READ_PHONE_STATE
ADDED from SWENG_GROUP3\EkhoPaintingRecognition\AndroidManifest.xml:29:5-75
	android:name
		ADDED from SWENG_GROUP3\EkhoPaintingRecognition\AndroidManifest.xml:29:22-72
uses-permission#android.permission.READ_EXTERNAL_STORAGE
ADDED from SWENG_GROUP3\EkhoPaintingRecognition\AndroidManifest.xml:30:5-80
	android:name
		ADDED from SWENG_GROUP3\EkhoPaintingRecognition\AndroidManifest.xml:30:22-77
application
ADDED from SWENG_GROUP3\EkhoPaintingRecognition\AndroidManifest.xml:32:5-62:19
MERGED from [org.tensorflow:tensorflow-android:1.7.0-rc0] AndroidManifest.xml:5:5-6:19
MERGED from [org.tensorflow:tensorflow-android:1.7.0-rc0] AndroidManifest.xml:5:5-6:19
MERGED from [com.android.support:appcompat-v7:23.4.0] AndroidManifest.xml:25:5-20
MERGED from [com.android.support:appcompat-v7:23.4.0] AndroidManifest.xml:25:5-20
MERGED from [com.android.support.constraint:constraint-layout:1.0.2] AndroidManifest.xml:9:5-20
MERGED from [com.android.support.constraint:constraint-layout:1.0.2] AndroidManifest.xml:9:5-20
MERGED from [com.android.support:animated-vector-drawable:23.4.0] AndroidManifest.xml:7:5-20
MERGED from [com.android.support:animated-vector-drawable:23.4.0] AndroidManifest.xml:7:5-20
MERGED from [com.android.support:support-vector-drawable:23.4.0] AndroidManifest.xml:7:5-20
MERGED from [com.android.support:support-vector-drawable:23.4.0] AndroidManifest.xml:7:5-20
MERGED from [com.android.support:support-v4:23.4.0] AndroidManifest.xml:22:5-20
MERGED from [com.android.support:support-v4:23.4.0] AndroidManifest.xml:22:5-20
	android:label
		ADDED from SWENG_GROUP3\EkhoPaintingRecognition\AndroidManifest.xml:35:9-41
	android:icon
		ADDED from SWENG_GROUP3\EkhoPaintingRecognition\AndroidManifest.xml:34:9-43
	android:allowBackup
		ADDED from SWENG_GROUP3\EkhoPaintingRecognition\AndroidManifest.xml:33:9-35
	android:theme
		ADDED from SWENG_GROUP3\EkhoPaintingRecognition\AndroidManifest.xml:36:9-45
activity#com.ekho.paintingRecognition.PaintingClassifierActivity
ADDED from SWENG_GROUP3\EkhoPaintingRecognition\AndroidManifest.xml:37:9-46:20
	android:screenOrientation
		ADDED from SWENG_GROUP3\EkhoPaintingRecognition\AndroidManifest.xml:40:13-49
	android:label
		ADDED from SWENG_GROUP3\EkhoPaintingRecognition\AndroidManifest.xml:39:13-65
	android:name
		ADDED from SWENG_GROUP3\EkhoPaintingRecognition\AndroidManifest.xml:38:13-83
intent-filter#android.intent.action.MAIN+android.intent.category.LAUNCHER
ADDED from SWENG_GROUP3\EkhoPaintingRecognition\AndroidManifest.xml:41:13-45:29
action#android.intent.action.MAIN
ADDED from SWENG_GROUP3\EkhoPaintingRecognition\AndroidManifest.xml:42:17-69
	android:name
		ADDED from SWENG_GROUP3\EkhoPaintingRecognition\AndroidManifest.xml:42:25-66
category#android.intent.category.LAUNCHER
ADDED from SWENG_GROUP3\EkhoPaintingRecognition\AndroidManifest.xml:44:17-77
	android:name
		ADDED from SWENG_GROUP3\EkhoPaintingRecognition\AndroidManifest.xml:44:27-74
activity#com.ekho.modifiedDemo.StartUpActivity
ADDED from SWENG_GROUP3\EkhoPaintingRecognition\AndroidManifest.xml:47:9-53:20
	android:name
		ADDED from SWENG_GROUP3\EkhoPaintingRecognition\AndroidManifest.xml:47:19-50
activity#com.ekho.modifiedDemo.MainActivity
ADDED from SWENG_GROUP3\EkhoPaintingRecognition\AndroidManifest.xml:54:9-60:20
	android:name
		ADDED from SWENG_GROUP3\EkhoPaintingRecognition\AndroidManifest.xml:54:19-47
activity#com.ekho.modifiedDemo.DisplayResultActivity
ADDED from SWENG_GROUP3\EkhoPaintingRecognition\AndroidManifest.xml:61:9-68
	android:name
		ADDED from SWENG_GROUP3\EkhoPaintingRecognition\AndroidManifest.xml:61:19-56